1627517546259	geckodriver	INFO	Listening on 127.0.0.1:51763
1627517547261	mozrunner::runner	INFO	Running command: "/usr/bin/firefox" "--marionette" "-foreground" "-no-remote" "-profile" "/tmp/rust_mozprofileZDpGFW"
1627517547623	Marionette	INFO	Marionette enabled
console.warn: SearchSettings: "get: No settings file exists, new profile?" (new NotFoundError("Could not open the file at /tmp/rust_mozprofileZDpGFW/search.json.mozlz4", (void 0)))
1627517549077	Marionette	INFO	Listening on port 45579
1627517549192	Marionette	WARN	TLS certificate errors will be ignored for this session
JavaScript error: , line 0: TypeError: NetworkError when attempting to fetch resource.
JavaScript error: , line 0: TypeError: NetworkError when attempting to fetch resource.
JavaScript error: , line 0: TypeError: NetworkError when attempting to fetch resource.
console.error: services.settings: 
  main/doh-providers Signature failed  InvalidSignatureError: Invalid content signature (main/doh-providers)
console.error: services.settings: 
  main/doh-providers local data was corrupted
console.warn: services.settings: main/doh-providers Signature verified failed. Retry from scratch
console.error: services.settings: 
  main/doh-config Signature failed  InvalidSignatureError: Invalid content signature (main/doh-config)
console.error: services.settings: 
  main/doh-config local data was corrupted
console.warn: services.settings: main/doh-config Signature verified failed. Retry from scratch
console.log: WebExtensions: reset-default-search: starting.
console.log: WebExtensions: reset-default-search: No addons in our list are installed.
JavaScript error: , line 0: TypeError: NetworkError when attempting to fetch resource.
JavaScript error: , line 0: TypeError: NetworkError when attempting to fetch resource.
JavaScript error: , line 0: TypeError: NetworkError when attempting to fetch resource.
JavaScript error: , line 0: TypeError: NetworkError when attempting to fetch resource.
JavaScript error: https://freida.ama-assn.org/ line 23 > injectedScript, line 1: TypeError: window.optimizely is undefined
1627521415323	Marionette	WARN	Ignoring event 'pageshow' because document has an invalid readyState of 'uninitialized'.
JavaScript warning: https://db4z6a5e2pfi5.cloudfront.net/packs/js/dox_analytics_init-2b91a62f3916f51595d6.js, line 2: Script terminated by timeout at:
e@https://db4z6a5e2pfi5.cloudfront.net/packs/js/dox_analytics_init-2b91a62f3916f51595d6.js:2:998226

JavaScript error: , line 0: TypeError: NetworkError when attempting to fetch resource.
JavaScript error: , line 0: TypeError: NetworkError when attempting to fetch resource.
JavaScript error: , line 0: TypeError: NetworkError when attempting to fetch resource.
JavaScript error: resource://devtools/server/actors/network-monitor/network-event-actor.js, line 108: Error: Got a request https://d21bwsro39u3ec.cloudfront.net/assets/application-5b874d28309fa53a5f17ef944ac4bb35e4354fd99177dc633520ff88e2ce0b0b.css without a browsingContextID set
JavaScript error: resource://devtools/server/actors/network-monitor/network-event-actor.js, line 108: Error: Got a request https://d21bwsro39u3ec.cloudfront.net/assets/program_search-f46e344bc800d2e268e1f36ace53b1c093b26967b277ba20b98e009f75c647e0.css without a browsingContextID set

###!!! [Child][MessageChannel] Error: (msgtype=0x6B0025,name=PNecko::Msg_RemoveRequestContext) Channel closing: too late to send/recv, messages will be lost

1627522766676	Marionette	INFO	Stopped listening on port 45579

###!!! [Parent][RunMessage] Error: Channel closing: too late to send/recv, messages will be lost

